<?xml version="1.0" encoding="euc-jp" ?> 
<説明>
  <パッケージ>Test-Unit-0.24</パッケージ> 
  <説明>Test-Unit-0.24の日本語訳</説明> 
  <言語>ja-jp</言語> 
  <作成日>2003-05-11 05:37:45+09:00</作成日> 
  <更新日>2003-05-23 13:10:48+09:00</更新日> 
  <翻訳者>IWAI, Masaharu</翻訳者> 
  <連絡先>
    <名前>IWAI, Masaharu</名前>
    <アドレス>iwai@alib.jp</アドレス>
  </連絡先> 
  <内容物>
    <要素>
        <ファイル>lib/Test/Unit.pod</ファイル>
        <名前>Test::Unit</名前>
        <説明>PerlUnit テスティングフレームワーク</説明>
    </要素>
    <要素>
        <ファイル>lib/Test/Unit/TestCase.pod</ファイル>
        <名前>Test::Unit::TestCase</名前>
        <説明>ユニットテストフレームワークの基礎となるクラス</説明>
    </要素>
    <要素>
        <ファイル>lib/Test/Unit/TestSuitee.pod</ファイル>
        <名前>Test::Unit::TestCase</名前>
        <説明>ユニットテストフレームワークの基礎となるクラス</説明>
    </要素>
    <要素>
        <ファイル>lib/Test/Unit/Tutorial.pod</ファイル>
        <名前>Test::Unit::Tutorial</名前>
        <説明>ユニットテストのチュートリアル</説明>
    </要素>
    <要素>
        <ファイル>lib/Test/Unit/TestRunner.pod</ファイル>
        <名前>Test::Unit::TestRunner</名前>
        <説明>ユニットテストフレームワークのヘルパークラス</説明>
    </要素>
  </内容物>
</説明>
