<?xml version="1.0" encoding="euc-jp" ?> 
<説明>
  <パッケージ>Test-Simple-0.47</パッケージ> 
  <説明>Test-Simple-0.47の日本語訳</説明> 
  <言語>ja-jp</言語> 
  <作成日>2002-09-20 01:00:00+09:00</作成日> 
  <更新日>2002-10-09 02:00:00+09:00</更新日> 
  <翻訳者>加藤 敦</翻訳者> 
  <連絡先>
    <名前>加藤 敦</名前>
    <アドレス>atusi@pure.ne.jp</アドレス>
  </連絡先> 
  <内容物>
    <要素>
        <ファイル>Simple.pod</ファイル>
        <名前>Test::Simple</名前>
        <説明>ごく基本的なテストユーティリティ。</説明>
    </要素>
    <要素>
        <ファイル>Tutorial.pod</ファイル>
        <名前>Test::Tutorial</名前>
        <説明>Test の チュートリアル。Test::Simple,Test::More の使いかた。</説明>
    </要素>
    <要素>
        <ファイル>More.pod</ファイル>
        <名前>Test::More</名前>
        <説明>Test::Simpleと上位互換性のある、テストユーティリティ。</説明>
    </要素>
  </内容物>
</説明>
