<?xml version="1.0" encoding="euc-jp" ?> 
<説明>
  <パッケージ>Test-Inline-0.15</パッケージ> 
  <説明>Test-Inline-0.15の日本語訳</説明> 
  <言語>ja-jp</言語> 
  <作成日>2002-09-20 01:00:00+09:00</作成日> 
  <更新日>2002-10-09 02:00:00+09:00</更新日> 
  <翻訳者>加藤 敦</翻訳者> 
  <連絡先>
    <名前>加藤 敦</名前>
    <アドレス>atusi@pure.ne.jp</アドレス>
  </連絡先> 
  <内容物>
    <要素>
        <ファイル>Tutorial.pod</ファイル>
        <名前>Test::Inline::Tutorial</名前>
        <説明>Test::Inline の チュートリアル。</説明>
    </要素>
  </内容物>
</説明>
